<?xml version="1.0" encoding="UTF-8"?>
<testsuite xmlns:xsi="http://www.w3.org/2001/XMLSchema-instance" xsi:noNamespaceSchemaLocation="https://maven.apache.org/surefire/maven-surefire-plugin/xsd/surefire-test-report.xsd" name="com.copan.tcp.TCPIntegrationTest" time="1.668" tests="8" errors="0" skipped="0" failures="1">
  <properties>
[...]
</properties>
  <testcase name="testMultipleClientsConcurrent" classname="com.copan.tcp.TCPIntegrationTest" time="0.212"/>
  <testcase name="testQuitCommand" classname="com.copan.tcp.TCPIntegrationTest" time="0.206">
    <failure message="La comunicazione dovrebbe fallire dopo quit" type="java.lang.AssertionError">java.lang.AssertionError: La comunicazione dovrebbe fallire dopo quit
	at com.copan.tcp.TCPIntegrationTest.testQuitCommand(TCPIntegrationTest.java:234)
</failure>
    <system-err><![CDATA[Sep 16, 2025 2:47:55 PM com.copan.tcp.TCPServer start
INFO: Server TCP avviato sulla porta 8083 con 10 thread massimi
Sep 16, 2025 2:47:56 PM com.copan.tcp.TCPServer acceptConnections
INFO: Nuova connessione client accettata da: /127.0.0.1
Sep 16, 2025 2:47:56 PM com.copan.tcp.TCPClient connect
INFO: Connesso al server localhost:8083
Sep 16, 2025 2:47:56 PM com.copan.tcp.ClientHandler run
INFO: Iniziata gestione client: /127.0.0.1
Sep 16, 2025 2:47:56 PM com.copan.tcp.TCPClient connect
INFO: Messaggio di benvenuto: Benvenuto! Connessione stabilita con il server.
Sep 16, 2025 2:47:56 PM com.copan.tcp.ClientHandler run
INFO: Messaggio ricevuto da /127.0.0.1: ping
Sep 16, 2025 2:47:56 PM com.copan.tcp.ClientHandler run
INFO: Messaggio ricevuto da /127.0.0.1: quit
Sep 16, 2025 2:47:56 PM com.copan.tcp.ClientHandler disconnect
INFO: Client disconnesso e risorse rilasciate
Sep 16, 2025 2:47:56 PM com.copan.tcp.TCPClient disconnect
INFO: Disconnesso dal server
Sep 16, 2025 2:47:56 PM com.copan.tcp.TCPServer stop
INFO: Server TCP fermato
]]></system-err>
  </testcase>
  <testcase name="testLongRunningSession" classname="com.copan.tcp.TCPIntegrationTest" time="0.219"/>
  <testcase name="testMixedCommandsMultipleClients" classname="com.copan.tcp.TCPIntegrationTest" time="0.209"/>
  <testcase name="testMultipleClientsSequential" classname="com.copan.tcp.TCPIntegrationTest" time="0.21"/>
  <testcase name="testClientReconnectionWhileServerRunning" classname="com.copan.tcp.TCPIntegrationTest" time="0.205"/>
  <testcase name="testSingleClientServerInteraction" classname="com.copan.tcp.TCPIntegrationTest" time="0.204"/>
  <testcase name="testServerStopWithConnectedClients" classname="com.copan.tcp.TCPIntegrationTest" time="0.202"/>
</testsuite>