<?xml version="1.0" encoding="UTF-8"?>
<testsuite xmlns:xsi="http://www.w3.org/2001/XMLSchema-instance" xsi:noNamespaceSchemaLocation="https://maven.apache.org/surefire/maven-surefire-plugin/xsd/surefire-test-report.xsd" name="com.copan.tcp.TCPIntegrationTest" time="1.879" tests="8" errors="0" skipped="0" failures="0">
  <properties>
[...]
</properties>
  <testcase name="testMultipleClientsConcurrent" classname="com.copan.tcp.TCPIntegrationTest" time="0.241"/>
  <testcase name="testQuitCommand" classname="com.copan.tcp.TCPIntegrationTest" time="0.21"/>
  <testcase name="testLongRunningSession" classname="com.copan.tcp.TCPIntegrationTest" time="0.271"/>
  <testcase name="testMixedCommandsMultipleClients" classname="com.copan.tcp.TCPIntegrationTest" time="0.235"/>
  <testcase name="testMultipleClientsSequential" classname="com.copan.tcp.TCPIntegrationTest" time="0.244"/>
  <testcase name="testClientReconnectionWhileServerRunning" classname="com.copan.tcp.TCPIntegrationTest" time="0.225"/>
  <testcase name="testSingleClientServerInteraction" classname="com.copan.tcp.TCPIntegrationTest" time="0.22"/>
  <testcase name="testServerStopWithConnectedClients" classname="com.copan.tcp.TCPIntegrationTest" time="0.231"/>
</testsuite>